Arguments: 
  /home/gj011/.nvm/versions/node/v12.14.0/bin/node /home/gj011/.nvm/versions/node/v12.14.0/bin/yarn add @nger/cli.logger @nger/cli/utils

PATH: 
  /home/gj011/meepo/emsdk:/home/gj011/meepo/emsdk/upstream/emscripten:/home/gj011/.nvm/versions/node/v12.14.0/bin:/home/gj011/meepo/emsdk:/home/gj011/meepo/emsdk/upstream/emscripten:/home/gj011/.local/bin:/usr/local/sbin:/usr/local/bin:/usr/sbin:/usr/bin:/sbin:/bin:/usr/games:/usr/local/games:/snap/bin

Yarn version: 
  1.21.1

Node version: 
  12.14.0

Platform: 
  linux x64

Trace: 
  Error: http://10.0.0.202:9008/@nger%2fcli/utils: this version doesn't exist: utils
      at Request.params.callback [as _callback] (/home/gj011/.nvm/versions/node/v12.14.0/lib/node_modules/yarn/lib/cli.js:66947:18)
      at Request.self.callback (/home/gj011/.nvm/versions/node/v12.14.0/lib/node_modules/yarn/lib/cli.js:140665:22)
      at Request.emit (events.js:210:5)
      at Request.<anonymous> (/home/gj011/.nvm/versions/node/v12.14.0/lib/node_modules/yarn/lib/cli.js:141637:10)
      at Request.emit (events.js:210:5)
      at IncomingMessage.<anonymous> (/home/gj011/.nvm/versions/node/v12.14.0/lib/node_modules/yarn/lib/cli.js:141559:12)
      at Object.onceWrapper (events.js:299:28)
      at IncomingMessage.emit (events.js:215:7)
      at endReadableNT (_stream_readable.js:1184:12)
      at processTicksAndRejections (internal/process/task_queues.js:80:21)

npm manifest: 
  {
    "name": "@nger/cli.experimental",
    "version": "0.0.1",
    "description": "> TODO: description",
    "author": "imeepos <admin@meepo.com.cn>",
    "homepage": "https://github.com/meepobrother/nger3/tree/master/packages/experimental#readme",
    "license": "ISC",
    "main": "lib/index.js",
    "types": "lib/index.d.ts",
    "directories": {
      "lib": "lib",
      "test": "__tests__"
    },
    "files": [
      "lib"
    ],
    "publishConfig": {
      "registry": "http://10.0.0.202:9008"
    },
    "repository": {
      "type": "git",
      "url": "git+https://github.com/meepobrother/nger-cli.git"
    },
    "scripts": {
      "test": "echo \"Error: run tests from root\" && exit 1"
    },
    "bugs": {
      "url": "https://github.com/meepobrother/nger-cli/issues"
    },
    "dependencies": {
      "@nger/cli.json": "^0.0.1",
      "@nger/cli.utils": "^0.0.2",
      "@types/fast-json-stable-stringify": "^2.0.0",
      "fast-json-stable-stringify": "^2.1.0"
    }
  }

yarn manifest: 
  No manifest

Lockfile: 
  # THIS IS AN AUTOGENERATED FILE. DO NOT EDIT THIS FILE DIRECTLY.
  # yarn lockfile v1
  
  
  "@nger/cli.json@^0.0.1":
    version "0.0.1"
    resolved "http://10.0.0.202:9008/@nger%2fcli.json/-/cli.json-0.0.1.tgz#a1651b6ed2f852016d2e15d50a1c6a240aa4edc9"
    integrity sha512-alkFV+etmjvpZD8Up+GBX2axhcpNZPti+BCs9zDoBGYcsXVvwpoEqFg6A7dRiznyH/OwIkxgdS72Gz6HzR2L/w==
    dependencies:
      "@types/ajv" "^1.0.0"
      ajv "^6.10.2"
  
  "@nger/cli.utils@^0.0.2":
    version "0.0.2"
    resolved "http://10.0.0.202:9008/@nger%2fcli.utils/-/cli.utils-0.0.2.tgz#a9a87a73dc07b8d477840cda27d217769f9b7db1"
    integrity sha512-pd3Cd087lJzne8f1QDAhV34JcwVs2UzJz4D02lmed7MDWwlxEM+J0xF4pwzlM2h1yEoVfw/9Y2Bn8Qvr5eElwg==
    dependencies:
      "@types/source-map" "^0.5.7"
      source-map "^0.7.3"
  
  "@types/ajv@^1.0.0":
    version "1.0.0"
    resolved "http://10.0.0.202:9008/@types%2fajv/-/ajv-1.0.0.tgz#4fb2440742f2f6c30e7fb0797b839fc6f696682a"
    integrity sha1-T7JEB0Ly9sMOf7B5e4OfxvaWaCo=
    dependencies:
      ajv "*"
  
  "@types/fast-json-stable-stringify@^2.0.0":
    version "2.0.0"
    resolved "http://10.0.0.202:9008/@types%2ffast-json-stable-stringify/-/fast-json-stable-stringify-2.0.0.tgz#40363bb847cb86b2c2e1599f1398d11e8329c921"
    integrity sha1-QDY7uEfLhrLC4VmfE5jRHoMpySE=
  
  "@types/source-map@^0.5.7":
    version "0.5.7"
    resolved "http://10.0.0.202:9008/@types%2fsource-map/-/source-map-0.5.7.tgz#165eeb583c1ef00196fe4ef4da5d7832b03b275b"
    integrity sha1-Fl7rWDwe8AGW/k702l14MrA7J1s=
    dependencies:
      source-map "*"
  
  ajv@*, ajv@^6.10.2:
    version "6.10.2"
    resolved "http://10.0.0.202:9008/ajv/-/ajv-6.10.2.tgz#d3cea04d6b017b2894ad69040fec8b623eb4bd52"
    integrity sha1-086gTWsBeyiUrWkED+yLYj60vVI=
    dependencies:
      fast-deep-equal "^2.0.1"
      fast-json-stable-stringify "^2.0.0"
      json-schema-traverse "^0.4.1"
      uri-js "^4.2.2"
  
  fast-deep-equal@^2.0.1:
    version "2.0.1"
    resolved "http://10.0.0.202:9008/fast-deep-equal/-/fast-deep-equal-2.0.1.tgz#7b05218ddf9667bf7f370bf7fdb2cb15fdd0aa49"
    integrity sha1-ewUhjd+WZ79/Nwv3/bLLFf3Qqkk=
  
  fast-json-stable-stringify@^2.0.0, fast-json-stable-stringify@^2.1.0:
    version "2.1.0"
    resolved "http://10.0.0.202:9008/fast-json-stable-stringify/-/fast-json-stable-stringify-2.1.0.tgz#874bf69c6f404c2b5d99c481341399fd55892633"
    integrity sha1-h0v2nG9ATCtdmcSBNBOZ/VWJJjM=
  
  json-schema-traverse@^0.4.1:
    version "0.4.1"
    resolved "http://10.0.0.202:9008/json-schema-traverse/-/json-schema-traverse-0.4.1.tgz#69f6a87d9513ab8bb8fe63bdb0979c448e684660"
    integrity sha1-afaofZUTq4u4/mO9sJecRI5oRmA=
  
  punycode@^2.1.0:
    version "2.1.1"
    resolved "http://10.0.0.202:9008/punycode/-/punycode-2.1.1.tgz#b58b010ac40c22c5657616c8d2c2c02c7bf479ec"
    integrity sha1-tYsBCsQMIsVldhbI0sLALHv0eew=
  
  source-map@*, source-map@^0.7.3:
    version "0.7.3"
    resolved "http://10.0.0.202:9008/source-map/-/source-map-0.7.3.tgz#5302f8169031735226544092e64981f751750383"
    integrity sha1-UwL4FpAxc1ImVECS5kmB91F1A4M=
  
  uri-js@^4.2.2:
    version "4.2.2"
    resolved "http://10.0.0.202:9008/uri-js/-/uri-js-4.2.2.tgz#94c540e1ff772956e2299507c010aea6c8838eb0"
    integrity sha1-lMVA4f93KVbiKZUHwBCupsiDjrA=
    dependencies:
      punycode "^2.1.0"
