Arguments: 
  /home/gj011/.nvm/versions/node/v12.14.0/bin/node /home/gj011/.nvm/versions/node/v12.14.0/bin/yarn add magic-string @types/magic-string

PATH: 
  /home/gj011/meepo/emsdk:/home/gj011/meepo/emsdk/upstream/emscripten:/home/gj011/.nvm/versions/node/v12.14.0/bin:/home/gj011/meepo/emsdk:/home/gj011/meepo/emsdk/upstream/emscripten:/home/gj011/.local/bin:/usr/local/sbin:/usr/local/bin:/usr/sbin:/usr/bin:/sbin:/bin:/usr/games:/usr/local/games:/snap/bin

Yarn version: 
  1.21.1

Node version: 
  12.14.0

Platform: 
  linux x64

Trace: 
  Error: http://10.0.0.202:9008/@types%2fmagic-string: no such package available
      at Request.params.callback [as _callback] (/home/gj011/.nvm/versions/node/v12.14.0/lib/node_modules/yarn/lib/cli.js:66947:18)
      at Request.self.callback (/home/gj011/.nvm/versions/node/v12.14.0/lib/node_modules/yarn/lib/cli.js:140665:22)
      at Request.emit (events.js:210:5)
      at Request.<anonymous> (/home/gj011/.nvm/versions/node/v12.14.0/lib/node_modules/yarn/lib/cli.js:141637:10)
      at Request.emit (events.js:210:5)
      at IncomingMessage.<anonymous> (/home/gj011/.nvm/versions/node/v12.14.0/lib/node_modules/yarn/lib/cli.js:141559:12)
      at Object.onceWrapper (events.js:299:28)
      at IncomingMessage.emit (events.js:215:7)
      at endReadableNT (_stream_readable.js:1184:12)
      at processTicksAndRejections (internal/process/task_queues.js:80:21)

npm manifest: 
  {
    "name": "@nger/cli.workspace",
    "version": "0.0.1",
    "description": "> TODO: description",
    "author": "imeepos <admin@meepo.com.cn>",
    "homepage": "https://github.com/meepobrother/nger3/tree/master/packages/workspace#readme",
    "license": "ISC",
    "main": "lib/workspace.js",
    "directories": {
      "lib": "lib",
      "test": "__tests__"
    },
    "files": [
      "lib"
    ],
    "publishConfig": {
      "registry": "http://10.0.0.202:9008"
    },
    "repository": {
      "type": "git",
      "url": "git+https://github.com/meepobrother/nger-cli.git"
    },
    "scripts": {
      "test": "echo \"Error: run tests from root\" && exit 1"
    },
    "bugs": {
      "url": "https://github.com/meepobrother/nger-cli/issues"
    },
    "dependencies": {
      "@types/fast-json-stable-stringify": "^2.0.0",
      "fast-json-stable-stringify": "^2.1.0"
    }
  }

yarn manifest: 
  No manifest

Lockfile: 
  # THIS IS AN AUTOGENERATED FILE. DO NOT EDIT THIS FILE DIRECTLY.
  # yarn lockfile v1
  
  
  "@types/fast-json-stable-stringify@^2.0.0":
    version "2.0.0"
    resolved "http://10.0.0.202:9008/@types%2ffast-json-stable-stringify/-/fast-json-stable-stringify-2.0.0.tgz#40363bb847cb86b2c2e1599f1398d11e8329c921"
    integrity sha1-QDY7uEfLhrLC4VmfE5jRHoMpySE=
  
  fast-json-stable-stringify@^2.1.0:
    version "2.1.0"
    resolved "http://10.0.0.202:9008/fast-json-stable-stringify/-/fast-json-stable-stringify-2.1.0.tgz#874bf69c6f404c2b5d99c481341399fd55892633"
    integrity sha1-h0v2nG9ATCtdmcSBNBOZ/VWJJjM=
